0 info it worked if it ends with ok
1 verbose cli [ 'C:\\Program Files\\nodejs\\node.exe',
1 verbose cli   'C:\\Program Files\\nodejs\\node_modules\\npm\\bin\\npm-cli.js',
1 verbose cli   'i',
1 verbose cli   '--save',
1 verbose cli   '@fortawesome/fontawesome-svg-core@prerelease',
1 verbose cli   '\\' ]
2 info using npm@3.10.10
3 info using node@v6.14.1
4 silly loadCurrentTree Starting
5 silly install loadCurrentTree
6 silly install readLocalPackageData
7 silly fetchPackageMetaData @fortawesome/fontawesome-svg-core@prerelease
8 silly fetchPackageMetaData \
9 silly fetchNamedPackageData @fortawesome/fontawesome-svg-core
10 silly mapToRegistry name @fortawesome/fontawesome-svg-core
11 silly mapToRegistry scope (from package name) @fortawesome
12 verbose mapToRegistry no registry URL found in name for scope @fortawesome
13 silly mapToRegistry using default registry
14 silly mapToRegistry registry https://registry.npmjs.org/
15 silly mapToRegistry data Result {
15 silly mapToRegistry   raw: '@fortawesome/fontawesome-svg-core',
15 silly mapToRegistry   scope: '@fortawesome',
15 silly mapToRegistry   escapedName: '@fortawesome%2ffontawesome-svg-core',
15 silly mapToRegistry   name: '@fortawesome/fontawesome-svg-core',
15 silly mapToRegistry   rawSpec: '',
15 silly mapToRegistry   spec: 'latest',
15 silly mapToRegistry   type: 'tag' }
16 silly mapToRegistry uri https://registry.npmjs.org/@fortawesome%2ffontawesome-svg-core
17 silly fetchOtherPackageData \
18 silly cache add args [ '\\', null ]
19 verbose cache add spec \
20 silly cache add parsed spec Result {
20 silly cache add   raw: '\\',
20 silly cache add   scope: null,
20 silly cache add   escapedName: null,
20 silly cache add   name: null,
20 silly cache add   rawSpec: '\\',
20 silly cache add   spec: 'C:\\',
20 silly cache add   type: 'local' }
21 error addLocal Could not install C:\
22 silly fetchPackageMetaData Error: EISDIR: illegal operation on a directory, read
22 silly fetchPackageMetaData     at Error (native)
22 silly fetchPackageMetaData  error for \ { Error: EISDIR: illegal operation on a directory, read
22 silly fetchPackageMetaData     at Error (native) errno: -4068, code: 'EISDIR', syscall: 'read' }
23 verbose request uri https://registry.npmjs.org/@fortawesome%2ffontawesome-svg-core
24 verbose request no auth needed
25 info attempt registry request try #1 at 9:44:18 AM
26 verbose request id cbb713a77126f1a7
27 http request GET https://registry.npmjs.org/@fortawesome%2ffontawesome-svg-core
28 http 200 https://registry.npmjs.org/@fortawesome%2ffontawesome-svg-core
29 verbose headers { date: 'Sat, 30 Jun 2018 13:44:20 GMT',
29 verbose headers   'content-type': 'application/json; charset=UTF-8',
29 verbose headers   'transfer-encoding': 'chunked',
29 verbose headers   connection: 'keep-alive',
29 verbose headers   'set-cookie': [ '__cfduid=dba40fcb143c72b3c8d6d91d62cb5b5b51530366260; expires=Sun, 30-Jun-19 13:44:20 GMT; path=/; domain=.registry.npmjs.org; HttpOnly' ],
29 verbose headers   'cache-control': 'public, max-age=14400',
29 verbose headers   'cf-cache-status': 'REVALIDATED',
29 verbose headers   'cf-ray': '433111258d952e8d-MIA',
29 verbose headers   etag: 'W/"8d97b2dd04c171d94af4a9a083dac767"',
29 verbose headers   'expect-ct': 'max-age=604800, report-uri="https://report-uri.cloudflare.com/cdn-cgi/beacon/expect-ct"',
29 verbose headers   'last-modified': 'Wed, 20 Jun 2018 20:01:47 GMT',
29 verbose headers   vary: 'Accept-Encoding',
29 verbose headers   server: 'cloudflare',
29 verbose headers   'content-encoding': 'gzip' }
30 silly get cb [ 200,
30 silly get   { date: 'Sat, 30 Jun 2018 13:44:20 GMT',
30 silly get     'content-type': 'application/json; charset=UTF-8',
30 silly get     'transfer-encoding': 'chunked',
30 silly get     connection: 'keep-alive',
30 silly get     'set-cookie': [ '__cfduid=dba40fcb143c72b3c8d6d91d62cb5b5b51530366260; expires=Sun, 30-Jun-19 13:44:20 GMT; path=/; domain=.registry.npmjs.org; HttpOnly' ],
30 silly get     'cache-control': 'public, max-age=14400',
30 silly get     'cf-cache-status': 'REVALIDATED',
30 silly get     'cf-ray': '433111258d952e8d-MIA',
30 silly get     etag: 'W/"8d97b2dd04c171d94af4a9a083dac767"',
30 silly get     'expect-ct': 'max-age=604800, report-uri="https://report-uri.cloudflare.com/cdn-cgi/beacon/expect-ct"',
30 silly get     'last-modified': 'Wed, 20 Jun 2018 20:01:47 GMT',
30 silly get     vary: 'Accept-Encoding',
30 silly get     server: 'cloudflare',
30 silly get     'content-encoding': 'gzip' } ]
31 verbose get saving @fortawesome/fontawesome-svg-core to C:\Users\Rob\AppData\Roaming\npm-cache\registry.npmjs.org\_40fortawesome_252ffontawesome-svg-core\.cache.json
32 verbose correctMkdir C:\Users\Rob\AppData\Roaming\npm-cache correctMkdir not in flight; initializing
33 silly rollbackFailedOptional Starting
34 silly rollbackFailedOptional Finishing
35 silly runTopLevelLifecycles Finishing
36 silly install printInstalled
37 verbose stack Error: EISDIR: illegal operation on a directory, read
37 verbose stack     at Error (native)
38 verbose cwd C:\Users\Rob\Desktop\UCF Bootcamp\Homework\Memory-Game
39 error Windows_NT 10.0.17134
40 error argv "C:\\Program Files\\nodejs\\node.exe" "C:\\Program Files\\nodejs\\node_modules\\npm\\bin\\npm-cli.js" "i" "--save" "@fortawesome/fontawesome-svg-core@prerelease" "\\"
41 error node v6.14.1
42 error npm  v3.10.10
43 error code EISDIR
44 error errno -4068
45 error syscall read
46 error eisdir EISDIR: illegal operation on a directory, read
47 error eisdir This is most likely not a problem with npm itself
47 error eisdir and is related to npm not being able to find a package.json in
47 error eisdir a package you are trying to install.
48 verbose exit [ -4068, true ]
